<?xml version="1.0" encoding="UTF-8"?>
<!-- Generated by org.testng.reporters.JUnitXMLReporter -->
<testsuite ignored="0" hostname="Riddhi" failures="0" tests="1" name="End To End Tests" time="11.125" errors="0" timestamp="2026-02-03T21:06:44 IST">
  <testcase classname="ats.Base.BaseTest" name="@BeforeMethod setUp" time="11.053">
    <failure type="java.lang.NoSuchFieldError" message="Class org.apache.logging.log4j.message.DefaultFlowMessageFactory does not have member field &amp;apos;org.apache.logging.log4j.message.FlowMessageFactory INSTANCE&amp;apos;">
      <![CDATA[java.lang.NoSuchFieldError: Class org.apache.logging.log4j.message.DefaultFlowMessageFactory does not have member field 'org.apache.logging.log4j.message.FlowMessageFactory INSTANCE'
at org.apache.logging.log4j.core.LoggerContext.<clinit>(LoggerContext.java:108)
at org.apache.logging.log4j.core.selector.ClassLoaderContextSelector.createContext(ClassLoaderContextSelector.java:265)
at org.apache.logging.log4j.core.selector.ClassLoaderContextSelector.locateContext(ClassLoaderContextSelector.java:224)
at org.apache.logging.log4j.core.selector.ClassLoaderContextSelector.getContext(ClassLoaderContextSelector.java:142)
at org.apache.logging.log4j.core.selector.ClassLoaderContextSelector.getContext(ClassLoaderContextSelector.java:125)
at org.apache.logging.log4j.core.selector.ClassLoaderContextSelector.getContext(ClassLoaderContextSelector.java:119)
at org.apache.logging.log4j.core.impl.Log4jContextFactory.getContext(Log4jContextFactory.java:155)
at org.apache.logging.log4j.core.impl.Log4jContextFactory.getContext(Log4jContextFactory.java:48)
at org.apache.logging.log4j.LogManager.getContext(LogManager.java:197)
at org.apache.logging.log4j.LogManager.getLogger(LogManager.java:611)
at ats.Utilities.LoggerUtil.<clinit>(LoggerUtil.java:8)
at ats.Base.BaseTest.setUp(BaseTest.java:27)
at java.base/java.util.ArrayList.forEach(ArrayList.java:1597)
... Removed 29 stack frames]]>
    </failure>
  </testcase> <!-- @BeforeMethod setUp -->
  <testcase classname="ats.Base.BaseTest" name="@AfterMethod tearDown" time="0.0">
    <skipped/>
  </testcase> <!-- @AfterMethod tearDown -->
  <testcase classname="ats.TestCases.ATS_EndToEndTest" name="verifyEndToEndOrderFlow" time="0.0">
    <skipped/>
  </testcase> <!-- verifyEndToEndOrderFlow -->
</testsuite> <!-- End To End Tests -->
