<?xml version="1.0" encoding="UTF-8"?>
<testng-results ignored="0" total="1" passed="1" failed="0" skipped="0">
  <reporter-output>
  </reporter-output>
  <suite started-at="2026-02-22T11:11:48 IST" name="Suite" finished-at="2026-02-22T11:12:16 IST" duration-ms="28896">
    <groups>
    </groups>
    <test started-at="2026-02-22T11:11:48 IST" name="Test" finished-at="2026-02-22T11:12:16 IST" duration-ms="28896">
      <class name="ats.TestCases.ATS_EndToEndTest">
        <test-method is-config="true" signature="setUp()[pri:0, instance:ats.TestCases.ATS_EndToEndTest@13df2a8c]" started-at="2026-02-22T11:11:48 IST" name="setUp" finished-at="2026-02-22T11:11:59 IST" duration-ms="10917" status="PASS">
          <reporter-output>
          </reporter-output>
        </test-method> <!-- setUp -->
        <test-method signature="verifyEndToEndOrderFlow()[pri:0, instance:ats.TestCases.ATS_EndToEndTest@13df2a8c]" started-at="2026-02-22T11:11:59 IST" name="verifyEndToEndOrderFlow" finished-at="2026-02-22T11:12:15 IST" duration-ms="16091" status="PASS">
          <reporter-output>
          </reporter-output>
        </test-method> <!-- verifyEndToEndOrderFlow -->
        <test-method is-config="true" signature="tearDown()[pri:0, instance:ats.TestCases.ATS_EndToEndTest@13df2a8c]" started-at="2026-02-22T11:12:15 IST" name="tearDown" finished-at="2026-02-22T11:12:16 IST" duration-ms="1828" status="PASS">
          <reporter-output>
          </reporter-output>
        </test-method> <!-- tearDown -->
      </class> <!-- ats.TestCases.ATS_EndToEndTest -->
    </test> <!-- Test -->
  </suite> <!-- Suite -->
</testng-results>
